<?xml version="1.0" encoding="UTF-8"?>
<!-- Generated by org.testng.reporters.JUnitReportReporter -->
<testsuite hostname="Aditya" failures="0" tests="1" name="Testcases.Logintestcase" time="16.428" errors="0" timestamp="2024-02-06T19:31:57 IST" skipped="0">
  <testcase classname="Testcases.Logintestcase" name="launchurl" time="16.428"/>
  <system-out/>
</testsuite> <!-- Testcases.Logintestcase -->
