<?xml version="1.0" encoding="UTF-8"?>
<!-- Generated by org.testng.reporters.JUnitReportReporter -->
<testsuite hostname="Aditya" failures="0" tests="1" name="Testcases.Productpagetestcase" time="10.848" errors="0" timestamp="2024-02-07T17:58:48 IST" skipped="0">
  <testcase classname="Testcases.Productpagetestcase" name="Selectproduct" time="10.848"/>
  <system-out/>
</testsuite> <!-- Testcases.Productpagetestcase -->
