<?xml version="1.0" encoding="UTF-8"?>
<!-- Generated by org.testng.reporters.JUnitReportReporter -->
<testsuite hostname="Aditya" failures="0" tests="1" name="Testcases.Productpagetestcase1" time="11.625" errors="0" timestamp="2024-02-07T19:22:21 IST" skipped="0">
  <testcase classname="Testcases.Productpagetestcase1" name="Shopbybrand" time="11.625"/>
  <system-out/>
</testsuite> <!-- Testcases.Productpagetestcase1 -->
