<?xml version="1.0" encoding="UTF-8"?>
<!-- Generated by org.testng.reporters.JUnitReportReporter -->
<testsuite hostname="Aditya" failures="0" tests="1" name="Testcases.Loginpage" time="8.571" errors="0" timestamp="2024-02-06T19:09:45 IST" skipped="0">
  <testcase classname="Testcases.Loginpage" name="launchbrowser" time="8.571"/>
  <system-out/>
</testsuite> <!-- Testcases.Loginpage -->
